<?xml version="1.0" encoding="UTF-8"?>
<!-- Generated by org.testng.reporters.JUnitReportReporter -->
<testsuite hostname="Vira" name="com.qcbs.verifications.Tender_briefcase_menu_index" tests="1" failures="0" timestamp="9 Jun 2014 10:39:35 GMT" time="84.196" errors="0">
  <testcase name="briefcase_upload" time="84.196" classname="com.qcbs.verifications.Tender_briefcase_menu_index"/>
</testsuite> <!-- com.qcbs.verifications.Tender_briefcase_menu_index -->
